<?xml version="1.0" encoding="UTF-8"?>
<testng-results ignored="0" total="1" passed="1" failed="0" skipped="0">
  <reporter-output>
  </reporter-output>
  <suite started-at="2019-04-26T08:41:29Z" name="Default suite" finished-at="2019-04-26T08:42:18Z" duration-ms="49739">
    <groups>
    </groups>
    <test started-at="2019-04-26T08:41:29Z" name="Default test" finished-at="2019-04-26T08:42:18Z" duration-ms="49739">
      <class name="package1.GetTitle">
        <test-method signature="getTitle()[pri:0, instance:package1.GetTitle@24aed80c]" started-at="2019-04-26T08:41:29Z" name="getTitle" finished-at="2019-04-26T08:42:18Z" duration-ms="49583" status="PASS">
          <reporter-output>
          </reporter-output>
        </test-method> <!-- getTitle -->
      </class> <!-- package1.GetTitle -->
    </test> <!-- Default test -->
  </suite> <!-- Default suite -->
</testng-results>
